<?xml version="1.0" encoding="UTF-8"?>
<testsuite name="edu.cmu.sv.ws.ssnoc.test.AnalyzeNetworkTest" time="2.706" tests="3" errors="0" skipped="0" failures="2">
  <properties>
[...]
</properties>
  <testcase name="loadAllUsersAndTestImmediately" classname="edu.cmu.sv.ws.ssnoc.test.AnalyzeNetworkTest" time="2.504">
    <failure message="expected:&lt;[[A, B, C, D, E, admin]]&gt; but was:&lt;[[A, B, C, D, E]]&gt;" type="java.lang.AssertionError">java.lang.AssertionError: expected:&lt;[[A, B, C, D, E, admin]]&gt; but was:&lt;[[A, B, C, D, E]]&gt;	at org.junit.Assert.fail(Assert.java:88)	at org.junit.Assert.failNotEquals(Assert.java:743)	at org.junit.Assert.assertEquals(Assert.java:118)	at org.junit.Assert.assertEquals(Assert.java:144)	at edu.cmu.sv.ws.ssnoc.test.AnalyzeNetworkTest.loadAllUsersAndTestImmediately(AnalyzeNetworkTest.java:98)</failure>
    <system-out><![CDATA[2014-11-26 13:23:01,787 DEBUG Generated plugins in 0.000030000 seconds
2014-11-26 13:23:01,789 DEBUG Found Plugin Map at jar:file:/Users/qihaozhu/.m2/repository/org/apache/logging/log4j/log4j-core/2.0-rc1/log4j-core-2.0-rc1.jar!/org/apache/logging/log4j/core/config/plugins/Log4j2Plugins.dat
2014-11-26 13:23:02,037 DEBUG Generated plugins in 0.248711000 seconds
2014-11-26 13:23:02,118 DEBUG Generated plugins in 0.079317000 seconds
2014-11-26 13:23:02,125 DEBUG Calling createLayout on class org.apache.logging.log4j.core.layout.PatternLayout for element PatternLayout with params(pattern="%d %p %c{1.} [%t] %m%n", Configuration(SSNj), null, charset="null", alwaysWriteExceptions="null", noConsoleNoAnsi="null")
2014-11-26 13:23:02,213 DEBUG Generated plugins in 0.088086000 seconds
2014-11-26 13:23:02,215 DEBUG Calling createAppender on class org.apache.logging.log4j.core.appender.ConsoleAppender for element Console with params(PatternLayout(%d %p %c{1.} [%t] %m%n), null, target="SYSTEM_OUT", name="Console", follow="null", ignoreExceptions="null")
2014-11-26 13:23:02,216 DEBUG Calling createLayout on class org.apache.logging.log4j.core.layout.PatternLayout for element PatternLayout with params(pattern="%d %p %c{1.} [%t] %m%n", Configuration(SSNj), null, charset="null", alwaysWriteExceptions="null", noConsoleNoAnsi="null")
2014-11-26 13:23:02,217 DEBUG Calling createPolicy on class org.apache.logging.log4j.core.appender.rolling.TimeBasedTriggeringPolicy for element TimeBasedTriggeringPolicy with params(interval="null", modulate="null")
2014-11-26 13:23:02,218 DEBUG Calling createPolicy on class org.apache.logging.log4j.core.appender.rolling.SizeBasedTriggeringPolicy for element SizeBasedTriggeringPolicy with params(size="5 MB")
2014-11-26 13:23:02,219 DEBUG Calling createPolicy on class org.apache.logging.log4j.core.appender.rolling.CompositeTriggeringPolicy for element Policies with params(Policies={TimeBasedTriggeringPolicy, SizeBasedTriggeringPolicy(size=5242880)})
2014-11-26 13:23:02,220 DEBUG Calling createStrategy on class org.apache.logging.log4j.core.appender.rolling.DefaultRolloverStrategy for element DefaultRolloverStrategy with params(max="200", min="null", fileIndex="null", compressionLevel="null", Configuration(SSNj))
2014-11-26 13:23:02,221 DEBUG Calling createAppender on class org.apache.logging.log4j.core.appender.RollingFileAppender for element RollingFile with params(fileName="logs/ssnj.log", filePattern="logs/${date:yyyy-MM}/ssnj-%d{MM-dd-yyyy}-%i.log.gz", append="null", name="RollingFile", bufferedIO="null", immediateFlush="null", Policies(CompositeTriggeringPolicy{TimeBasedTriggeringPolicy, SizeBasedTriggeringPolicy(size=5242880)}), DefaultRolloverStrategy(DefaultRolloverStrategy(min=1, max=200)), PatternLayout(%d %p %c{1.} [%t] %m%n), null, ignoreExceptions="null", advertise="null", advertiseURI="null", Configuration(SSNj))
2014-11-26 13:23:02,222 DEBUG Starting RollingFileManager logs/ssnj.log
2014-11-26 13:23:02,314 DEBUG Generated plugins in 0.091027000 seconds
2014-11-26 13:23:02,315 DEBUG Calling createAppenderRef on class org.apache.logging.log4j.core.config.AppenderRef for element AppenderRef with params(ref="RollingFile", level="null", null)
2014-11-26 13:23:02,316 DEBUG Calling createAppender on class org.apache.logging.log4j.core.appender.AsyncAppender for element Async with params(AppenderRef={RollingFile}, errorRef="null", blocking="null", bufferSize="null", name="Async_Appender", includeLocation="null", null, Configuration(SSNj), ignoreExceptions="null")
2014-11-26 13:23:02,318 DEBUG Calling createAppenders on class org.apache.logging.log4j.core.config.plugins.AppendersPlugin for element Appenders with params(Appenders={Console, RollingFile, Async_Appender})
2014-11-26 13:23:02,319 DEBUG Calling createAppenderRef on class org.apache.logging.log4j.core.config.AppenderRef for element appender-ref with params(ref="Async_Appender", level="null", null)
2014-11-26 13:23:02,321 DEBUG Calling createLogger on class org.apache.logging.log4j.core.config.LoggerConfig for element logger with params(additivity="null", level="trace", name="edu.cmu.sv", includeLocation="null", AppenderRef={Async_Appender}, Properties={}, Configuration(SSNj), null)
2014-11-26 13:23:02,321 DEBUG Calling createLoggers on class org.apache.logging.log4j.core.config.plugins.LoggersPlugin for element Loggers with params(Loggers={edu.cmu.sv})
2014-11-26 13:23:02,322 WARN No Root logger was configured, creating default ERROR-level Root logger with Console appender
2014-11-26 13:23:02,407 DEBUG Generated plugins in 0.085015000 seconds
2014-11-26 13:23:02,497 DEBUG Registering MBean org.apache.logging.log4j2:type=sun.misc.Launcher$AppClassLoader@3f26f816
2014-11-26 13:23:02,500 DEBUG Registering MBean org.apache.logging.log4j2:type=sun.misc.Launcher$AppClassLoader@3f26f816,component=StatusLogger
2014-11-26 13:23:02,500 DEBUG Registering MBean org.apache.logging.log4j2:type=sun.misc.Launcher$AppClassLoader@3f26f816,component=ContextSelector
2014-11-26 13:23:02,501 DEBUG Registering MBean org.apache.logging.log4j2:type=sun.misc.Launcher$AppClassLoader@3f26f816,component=Loggers,name=edu.cmu.sv
2014-11-26 13:23:02,502 DEBUG Registering MBean org.apache.logging.log4j2:type=sun.misc.Launcher$AppClassLoader@3f26f816,component=Appenders,name=Console
2014-11-26 13:23:02,503 DEBUG Registering MBean org.apache.logging.log4j2:type=sun.misc.Launcher$AppClassLoader@3f26f816,component=Appenders,name=RollingFile
2014-11-26 13:23:02,503 DEBUG Registering MBean org.apache.logging.log4j2:type=sun.misc.Launcher$AppClassLoader@3f26f816,component=AsyncAppenders,name=Async_Appender
2014-11-26 13:23:02,504 DEBUG Reconfiguration completed
13:23:02.512 [main] INFO  edu.cmu.sv.ws.ssnoc.data.util.ConnectionPoolFactory - Creating a new ConnectionPoolFactory singleton instance.
13:23:02.515 [main] INFO  edu.cmu.sv.ws.ssnoc.data.util.H2ConnectionPoolImpl - Initializing the connection pool ... 
13:23:03.099 [main] TRACE edu.cmu.sv.ws.ssnoc.common.utils.PropertyUtils - Loading properties files ...
13:23:03.101 [main] WARN  edu.cmu.sv.ws.ssnoc.common.utils.PropertyUtils - Could not load the properties file. Will try to initialize with system default values ...
13:23:03.102 [main] WARN  edu.cmu.sv.ws.ssnoc.common.utils.PropertyUtils - Initializing DB_CONN_URL to system default values ...
13:23:03.102 [main] WARN  edu.cmu.sv.ws.ssnoc.common.utils.PropertyUtils - Initializing DB_USERNAME to system default values ...
13:23:03.102 [main] WARN  edu.cmu.sv.ws.ssnoc.common.utils.PropertyUtils - Initializing DB_USERNAME to system default values ...
13:23:03.102 [main] WARN  edu.cmu.sv.ws.ssnoc.common.utils.PropertyUtils - Initializing DB_CONNECTION_POOL_SIZE to system default values ...
13:23:03.102 [main] WARN  edu.cmu.sv.ws.ssnoc.common.utils.PropertyUtils - Initializing ADMIN_CODE to system default values ...
13:23:03.138 [main] INFO  edu.cmu.sv.ws.ssnoc.data.util.H2ConnectionPoolImpl - Connection pool initialized successfully.
sd
13:23:03.440 [main] INFO  edu.cmu.sv.ws.ssnoc.data.dao.DAOFactory - Creating a new DAOFactory singleton instance.
13:23:03.441 [main] TRACE edu.cmu.sv.ws.ssnoc.data.dao.AnalysisDAOImpl - Enter - method : getClusters
0
0
13:23:03.442 [main] TRACE edu.cmu.sv.ws.ssnoc.data.dao.AnalysisDAOImpl - Enter - method :  ## getClusters ## 2014-11-26 13:23:03
]]></system-out>
  </testcase>
  <testcase name="allUsersChatEachOther" classname="edu.cmu.sv.ws.ssnoc.test.AnalyzeNetworkTest" time="0.177"/>
  <testcase name="noChatsBetweenAnyUser" classname="edu.cmu.sv.ws.ssnoc.test.AnalyzeNetworkTest" time="0.025">
    <failure message="expected:&lt;[[A, B, C, D, E, admin]]&gt; but was:&lt;[[A, B, C, D, E]]&gt;" type="java.lang.AssertionError">java.lang.AssertionError: expected:&lt;[[A, B, C, D, E, admin]]&gt; but was:&lt;[[A, B, C, D, E]]&gt;	at org.junit.Assert.fail(Assert.java:88)	at org.junit.Assert.failNotEquals(Assert.java:743)	at org.junit.Assert.assertEquals(Assert.java:118)	at org.junit.Assert.assertEquals(Assert.java:144)	at edu.cmu.sv.ws.ssnoc.test.AnalyzeNetworkTest.noChatsBetweenAnyUser(AnalyzeNetworkTest.java:123)</failure>
    <system-out><![CDATA[sd
13:23:03.696 [main] TRACE edu.cmu.sv.ws.ssnoc.data.dao.AnalysisDAOImpl - Enter - method : getClusters
-1
0
13:23:03.696 [main] TRACE edu.cmu.sv.ws.ssnoc.data.dao.AnalysisDAOImpl - Enter - method :  ## getClusters ## 2014-11-26 12:23:03
]]></system-out>
  </testcase>
</testsuite>