<?xml version="1.0" encoding="UTF-8"?>
<testsuite name="edu.cmu.sv.ws.ssnoc.test.ExchangeInfoTest" time="0.24" tests="6" errors="1" skipped="0" failures="1">
  <properties>
[...]
</properties>
  <testcase name="nullUser" classname="edu.cmu.sv.ws.ssnoc.test.ExchangeInfoTest" time="0.202"/>
  <testcase name="saveWallMessageNullUser" classname="edu.cmu.sv.ws.ssnoc.test.ExchangeInfoTest" time="0.016">
    <error message="Unexpected exception, expected&lt;java.lang.Exception&gt; but was&lt;org.junit.ComparisonFailure&gt;" type="java.lang.Exception"><![CDATA[java.lang.Exception: Unexpected exception, expected<java.lang.Exception> but was<org.junit.ComparisonFailure>
	at org.junit.Assert.assertEquals(Assert.java:115)
	at org.junit.Assert.assertEquals(Assert.java:144)
	at edu.cmu.sv.ws.ssnoc.test.ExchangeInfoTest.saveWallMessageNullUser(ExchangeInfoTest.java:70)
]]></error>
    <system-out><![CDATA[13:23:03.958 [main] TRACE edu.cmu.sv.ws.ssnoc.rest.MessageService - Enter - method :  ## saveWallMessage ## [Ljava.lang.Object;@1c4ede86
13:23:03.958 [main] TRACE edu.cmu.sv.ws.ssnoc.data.dao.MessageDAOImpl - Enter - method :  ## save ## {"content":"YooHoo","messageType":"WALL","messageID":0}
13:23:03.959 [main] TRACE edu.cmu.sv.ws.ssnoc.data.dao.MessageDAOImpl - Statement executed, and 1 rows inserted.
13:23:03.959 [main] TRACE edu.cmu.sv.ws.ssnoc.data.dao.MessageDAOImpl - Exit - method : save
@@@@@@@@@@@@@@@@@@@@@null;null
13:23:03.959 [main] TRACE edu.cmu.sv.ws.ssnoc.rest.MessageService - Exit - method : saveWallMessage
13:23:03.960 [main] TRACE edu.cmu.sv.ws.ssnoc.rest.MessagesService - Enter - method : loadWallMessages
13:23:03.960 [main] TRACE edu.cmu.sv.ws.ssnoc.data.dao.MessageDAOImpl - Enter - method : getWallMessages
13:23:03.962 [main] TRACE edu.cmu.sv.ws.ssnoc.data.dao.MessageDAOImpl - Enter - method :  ## processResults ## com.zaxxer.hikari.proxy.PreparedStatementJavassistProxy@73dc968f
13:23:03.962 [main] DEBUG edu.cmu.sv.ws.ssnoc.data.dao.MessageDAOImpl - Executing stmt = com.zaxxer.hikari.proxy.PreparedStatementJavassistProxy@73dc968f
13:23:03.963 [main] TRACE edu.cmu.sv.ws.ssnoc.data.dao.MessageDAOImpl - Exit - method :  ## processResults ## [{"content":"askhdakshd","author":"admin","messageType":"WALL","target":"admin","postedAt":"2014-11-25 11:37:18","messageID":2}, {"content":"asdhaskhd","author":"admin","messageType":"WALL","target":"admin","postedAt":"2014-11-25 11:37:17","messageID":1}]
13:23:03.968 [main] TRACE edu.cmu.sv.ws.ssnoc.rest.MessagesService - Exit - method :  ## loadWallMessages ## [{"content":"askhdakshd","author":"admin","messageType":"WALL","target":"admin","postedAt":"2014-11-25 11:37:18","messageID":2}, {"content":"asdhaskhd","author":"admin","messageType":"WALL","target":"admin","postedAt":"2014-11-25 11:37:17","messageID":1}]
]]></system-out>
  </testcase>
  <testcase name="testloadChatMessages" classname="edu.cmu.sv.ws.ssnoc.test.ExchangeInfoTest" time="0.009"/>
  <testcase name="testNullMessages" classname="edu.cmu.sv.ws.ssnoc.test.ExchangeInfoTest" time="0.001"/>
  <testcase name="sqlErrorChatMessages" classname="edu.cmu.sv.ws.ssnoc.test.ExchangeInfoTest" time="0.005"/>
  <testcase name="testloadWallMessages" classname="edu.cmu.sv.ws.ssnoc.test.ExchangeInfoTest" time="0.007">
    <failure message="expected:&lt;[askhdakshd]&gt; but was:&lt;[YooHoo]&gt;" type="org.junit.ComparisonFailure"><![CDATA[org.junit.ComparisonFailure: expected:<[askhdakshd]> but was:<[YooHoo]>
	at org.junit.Assert.assertEquals(Assert.java:115)
	at org.junit.Assert.assertEquals(Assert.java:144)
	at edu.cmu.sv.ws.ssnoc.test.ExchangeInfoTest.testloadWallMessages(ExchangeInfoTest.java:53)
]]></failure>
    <system-out><![CDATA[13:23:03.989 [main] TRACE edu.cmu.sv.ws.ssnoc.rest.MessageService - Enter - method :  ## saveWallMessage ## [Ljava.lang.Object;@204abe67
13:23:03.989 [main] TRACE edu.cmu.sv.ws.ssnoc.data.dao.MessageDAOImpl - Enter - method :  ## save ## {"content":"YooHoo","author":"A","messageType":"WALL","target":"A","messageID":0}
13:23:03.990 [main] TRACE edu.cmu.sv.ws.ssnoc.data.dao.MessageDAOImpl - Statement executed, and 1 rows inserted.
13:23:03.990 [main] TRACE edu.cmu.sv.ws.ssnoc.data.dao.MessageDAOImpl - Exit - method : save
@@@@@@@@@@@@@@@@@@@@@A;A
13:23:03.990 [main] TRACE edu.cmu.sv.ws.ssnoc.rest.MessageService - Exit - method : saveWallMessage
13:23:03.990 [main] TRACE edu.cmu.sv.ws.ssnoc.rest.MessagesService - Enter - method : loadWallMessages
13:23:03.991 [main] TRACE edu.cmu.sv.ws.ssnoc.data.dao.MessageDAOImpl - Enter - method : getWallMessages
13:23:03.991 [main] TRACE edu.cmu.sv.ws.ssnoc.data.dao.MessageDAOImpl - Enter - method :  ## processResults ## com.zaxxer.hikari.proxy.PreparedStatementJavassistProxy@b1a6cc1
13:23:03.991 [main] DEBUG edu.cmu.sv.ws.ssnoc.data.dao.MessageDAOImpl - Executing stmt = com.zaxxer.hikari.proxy.PreparedStatementJavassistProxy@b1a6cc1
13:23:03.993 [main] TRACE edu.cmu.sv.ws.ssnoc.data.dao.MessageDAOImpl - Exit - method :  ## processResults ## [{"content":"askhdakshd","author":"admin","messageType":"WALL","target":"admin","postedAt":"2014-11-25 11:37:18","messageID":2}, {"content":"asdhaskhd","author":"admin","messageType":"WALL","target":"admin","postedAt":"2014-11-25 11:37:17","messageID":1}, {"content":"YooHoo","author":"A","messageType":"WALL","target":"A","messageID":24}]
13:23:03.994 [main] TRACE edu.cmu.sv.ws.ssnoc.rest.MessagesService - Exit - method :  ## loadWallMessages ## [{"content":"askhdakshd","author":"admin","messageType":"WALL","target":"admin","postedAt":"2014-11-25 11:37:18","messageID":2}, {"content":"asdhaskhd","author":"admin","messageType":"WALL","target":"admin","postedAt":"2014-11-25 11:37:17","messageID":1}]
]]></system-out>
  </testcase>
</testsuite>